TN:
SF:utils\geolocation.js
FN:9,haversineDistance
FN:10,toRad
FN:35,filterByProximity
FNF:3
FNH:3
FNDA:34,haversineDistance
FNDA:136,toRad
FNDA:8,filterByProximity
DA:1,1
DA:2,1
DA:3,1
DA:4,1
DA:5,1
DA:6,1
DA:7,1
DA:8,1
DA:9,34
DA:10,34
DA:11,34
DA:12,34
DA:13,34
DA:14,34
DA:15,34
DA:16,34
DA:17,34
DA:18,34
DA:19,34
DA:20,34
DA:21,34
DA:22,34
DA:23,34
DA:24,34
DA:25,34
DA:26,1
DA:27,1
DA:28,1
DA:29,1
DA:30,1
DA:31,1
DA:32,1
DA:33,1
DA:34,1
DA:35,8
DA:36,8
DA:37,8
DA:38,28
DA:39,28
DA:40,8
DA:41,8
DA:42,8
DA:43,8
DA:44,1
DA:45,1
LF:45
LH:45
BRDA:9,0,0,34
BRDA:10,1,0,136
BRDA:35,2,0,8
BRDA:37,3,0,28
BRDA:41,4,0,28
BRDA:42,5,0,13
BRF:6
BRH:6
end_of_record
TN:
SF:utils\quickServiceStorage.js
FN:11,ensureDataDir
FN:20,loadAvailablePrestadores
FN:43,saveAvailablePrestadores
FN:75,addAvailablePrestador
FN:86,removeAvailablePrestador
FN:93,loadActiveClaims
FN:123,saveActiveClaims
FN:153,claimPrestador
FN:178,releaseClaim
FN:186,loadPendingRequests
FN:216,savePendingRequests
FN:246,addPendingRequest
FN:253,removePendingRequest
FN:260,cleanupExpired
FNF:14
FNH:14
FNDA:56,ensureDataDir
FNDA:11,loadAvailablePrestadores
FNDA:7,saveAvailablePrestadores
FNDA:2,addAvailablePrestador
FNDA:1,removeAvailablePrestador
FNDA:14,loadActiveClaims
FNDA:7,saveActiveClaims
FNDA:5,claimPrestador
FNDA:1,releaseClaim
FNDA:11,loadPendingRequests
FNDA:6,savePendingRequests
FNDA:1,addPendingRequest
FNDA:1,removePendingRequest
FNDA:2,cleanupExpired
DA:1,1
DA:2,1
DA:3,1
DA:4,1
DA:5,1
DA:6,1
DA:7,1
DA:8,1
DA:9,1
DA:10,1
DA:11,56
DA:12,56
DA:13,56
DA:14,56
DA:15,0
DA:16,0
DA:17,56
DA:18,1
DA:19,1
DA:20,11
DA:21,11
DA:22,11
DA:23,11
DA:24,11
DA:25,11
DA:26,0
DA:27,0
DA:28,11
DA:29,11
DA:30,11
DA:31,11
DA:32,11
DA:33,11
DA:34,11
DA:35,11
DA:36,11
DA:37,0
DA:38,0
DA:39,0
DA:40,11
DA:41,1
DA:42,1
DA:43,7
DA:44,7
DA:45,7
DA:46,7
DA:47,7
DA:48,7
DA:49,7
DA:50,7
DA:51,7
DA:52,7
DA:53,7
DA:54,7
DA:55,0
DA:56,0
DA:57,0
DA:58,0
DA:59,0
DA:60,0
DA:61,0
DA:62,7
DA:63,7
DA:64,7
DA:65,7
DA:66,7
DA:67,7
DA:68,7
DA:69,0
DA:70,0
DA:71,0
DA:72,7
DA:73,1
DA:74,1
DA:75,2
DA:76,2
DA:77,2
DA:78,2
DA:79,2
DA:80,2
DA:81,2
DA:82,2
DA:83,2
DA:84,1
DA:85,1
DA:86,1
DA:87,1
DA:88,1
DA:89,1
DA:90,1
DA:91,1
DA:92,1
DA:93,14
DA:94,14
DA:95,14
DA:96,14
DA:97,14
DA:98,14
DA:99,0
DA:100,0
DA:101,14
DA:102,14
DA:103,14
DA:104,14
DA:105,14
DA:106,14
DA:107,14
DA:108,14
DA:109,14
DA:110,21
DA:111,14
DA:112,14
DA:113,21
DA:114,14
DA:115,14
DA:116,14
DA:117,0
DA:118,0
DA:119,0
DA:120,14
DA:121,1
DA:122,1
DA:123,7
DA:124,7
DA:125,7
DA:126,7
DA:127,7
DA:128,7
DA:129,7
DA:130,7
DA:131,7
DA:132,7
DA:133,7
DA:134,0
DA:135,0
DA:136,0
DA:137,0
DA:138,0
DA:139,0
DA:140,7
DA:141,7
DA:142,7
DA:143,7
DA:144,7
DA:145,7
DA:146,7
DA:147,0
DA:148,0
DA:149,0
DA:150,7
DA:151,1
DA:152,1
DA:153,5
DA:154,5
DA:155,5
DA:156,5
DA:157,5
DA:158,5
DA:159,5
DA:160,3
DA:161,3
DA:162,3
DA:163,3
DA:164,3
DA:165,2
DA:166,2
DA:167,2
DA:168,2
DA:169,2
DA:170,2
DA:171,2
DA:172,2
DA:173,2
DA:174,2
DA:175,2
DA:176,1
DA:177,1
DA:178,1
DA:179,1
DA:180,1
DA:181,1
DA:182,1
DA:183,1
DA:184,1
DA:185,1
DA:186,11
DA:187,11
DA:188,11
DA:189,11
DA:190,11
DA:191,11
DA:192,0
DA:193,0
DA:194,11
DA:195,11
DA:196,11
DA:197,11
DA:198,11
DA:199,11
DA:200,11
DA:201,11
DA:202,11
DA:203,18
DA:204,12
DA:205,12
DA:206,18
DA:207,11
DA:208,11
DA:209,11
DA:210,0
DA:211,0
DA:212,0
DA:213,11
DA:214,1
DA:215,1
DA:216,6
DA:217,6
DA:218,6
DA:219,6
DA:220,6
DA:221,6
DA:222,6
DA:223,6
DA:224,6
DA:225,6
DA:226,6
DA:227,0
DA:228,0
DA:229,0
DA:230,0
DA:231,0
DA:232,0
DA:233,6
DA:234,6
DA:235,6
DA:236,6
DA:237,6
DA:238,6
DA:239,6
DA:240,0
DA:241,0
DA:242,0
DA:243,6
DA:244,1
DA:245,1
DA:246,1
DA:247,1
DA:248,1
DA:249,1
DA:250,1
DA:251,1
DA:252,1
DA:253,1
DA:254,1
DA:255,1
DA:256,1
DA:257,1
DA:258,1
DA:259,1
DA:260,2
DA:261,2
DA:262,2
DA:263,2
DA:264,2
DA:265,2
DA:266,2
DA:267,0
DA:268,0
DA:269,2
DA:270,2
DA:271,2
DA:272,2
DA:273,2
DA:274,2
DA:275,2
DA:276,2
DA:277,2
DA:278,2
DA:279,0
DA:280,0
DA:281,2
DA:282,2
DA:283,2
DA:284,0
DA:285,0
DA:286,2
DA:287,2
DA:288,2
DA:289,2
DA:290,2
DA:291,2
DA:292,2
DA:293,2
DA:294,2
DA:295,2
DA:296,0
DA:297,0
DA:298,2
DA:299,2
DA:300,2
DA:301,0
DA:302,0
DA:303,2
DA:304,1
DA:305,1
DA:306,1
DA:307,1
DA:308,1
DA:309,1
DA:310,1
DA:311,1
DA:312,1
DA:313,1
DA:314,1
DA:315,1
DA:316,1
DA:317,1
DA:318,1
DA:319,1
LF:319
LH:264
BRDA:11,0,0,56
BRDA:14,1,0,0
BRDA:20,2,0,11
BRDA:25,3,0,0
BRDA:36,4,0,0
BRDA:35,5,0,17
BRDA:43,6,0,7
BRDA:54,7,0,0
BRDA:68,8,0,0
BRDA:75,9,0,2
BRDA:79,10,0,2
BRDA:86,11,0,1
BRDA:88,12,0,2
BRDA:93,13,0,14
BRDA:98,14,0,0
BRDA:109,15,0,21
BRDA:110,16,0,14
BRDA:116,17,0,0
BRDA:123,18,0,7
BRDA:133,19,0,0
BRDA:146,20,0,0
BRDA:153,21,0,5
BRDA:159,22,0,3
BRDA:164,23,0,2
BRDA:178,24,0,1
BRDA:186,25,0,11
BRDA:191,26,0,0
BRDA:202,27,0,18
BRDA:203,28,0,12
BRDA:209,29,0,0
BRDA:216,30,0,6
BRDA:226,31,0,0
BRDA:239,32,0,0
BRDA:246,33,0,1
BRDA:253,34,0,1
BRDA:260,35,0,2
BRDA:266,36,0,0
BRDA:278,37,0,0
BRDA:283,38,0,0
BRDA:295,39,0,0
BRDA:300,40,0,0
BRDA:265,41,0,2
BRF:42
BRH:24
end_of_record
